TN:
SF:src/modules/appointments/services/CreateAppointmentService.ts
FN:15,(anonymous_18)
FN:16,CreateAppointmentService
FN:20,(anonymous_20)
FNF:3
FNH:3
FNDA:1,(anonymous_18)
FNDA:2,CreateAppointmentService
FNDA:3,(anonymous_20)
DA:2,1
DA:5,1
DA:7,1
DA:15,1
DA:18,2
DA:20,3
DA:21,3
DA:23,3
DA:27,3
DA:28,1
DA:31,2
DA:35,2
DA:37,1
DA:39,1
LF:14
LH:14
BRDA:27,0,0,1
BRDA:27,0,1,2
BRF:2
BRH:2
end_of_record
TN:
SF:src/modules/users/services/AuthenticateService.ts
FN:20,(anonymous_18)
FN:21,AuthenticateUserService
FN:25,(anonymous_20)
FNF:3
FNH:3
FNDA:1,(anonymous_18)
FNDA:3,AuthenticateUserService
FNDA:3,(anonymous_20)
DA:1,1
DA:2,1
DA:3,1
DA:6,1
DA:7,1
DA:20,1
DA:23,3
DA:25,3
DA:26,3
DA:28,3
DA:29,1
DA:31,2
DA:33,2
DA:34,1
DA:37,1
DA:39,1
DA:44,1
DA:49,1
DA:51,1
LF:19
LH:19
BRDA:26,0,0,3
BRDA:28,1,0,1
BRDA:28,1,1,2
BRDA:33,2,0,1
BRDA:33,2,1,1
BRF:5
BRH:5
end_of_record
TN:
SF:src/modules/users/services/CreateUserService.ts
FN:15,(anonymous_18)
FN:16,CreateUserService
FN:20,(anonymous_20)
FNF:3
FNH:3
FNDA:3,(anonymous_18)
FNDA:6,CreateUserService
FNDA:7,(anonymous_20)
DA:1,3
DA:4,3
DA:6,3
DA:15,3
DA:18,6
DA:20,7
DA:21,7
DA:23,7
DA:24,1
DA:27,6
DA:29,6
DA:35,6
DA:37,3
DA:39,3
LF:14
LH:14
BRDA:21,0,0,7
BRDA:23,1,0,1
BRDA:23,1,1,6
BRF:3
BRH:3
end_of_record
TN:
SF:src/modules/users/services/UpdateUserAvaterService.ts
FN:17,(anonymous_18)
FN:18,UpdateUserAvartarService
FN:22,(anonymous_20)
FNF:3
FNH:2
FNDA:1,(anonymous_18)
FNDA:1,UpdateUserAvartarService
FNDA:0,(anonymous_20)
DA:1,1
DA:4,1
DA:6,1
DA:7,1
DA:8,1
DA:17,1
DA:20,1
DA:22,1
DA:23,0
DA:25,0
DA:26,0
DA:29,0
DA:30,0
DA:31,0
DA:33,0
DA:34,0
DA:37,0
DA:39,0
DA:41,0
DA:43,1
DA:45,1
LF:21
LH:10
BRDA:23,0,0,0
BRDA:25,1,0,0
BRDA:25,1,1,0
BRDA:29,2,0,0
BRDA:29,2,1,0
BRDA:33,3,0,0
BRDA:33,3,1,0
BRF:7
BRH:0
end_of_record
