TN:
SF:src/modules/appointments/services/CreateAppointmentService.ts
FN:15,(anonymous_18)
FN:16,CreateAppointmentService
FN:20,(anonymous_20)
FNF:3
FNH:3
FNDA:1,(anonymous_18)
FNDA:2,CreateAppointmentService
FNDA:3,(anonymous_20)
DA:2,1
DA:5,1
DA:7,1
DA:15,1
DA:18,2
DA:20,3
DA:21,3
DA:23,3
DA:27,3
DA:28,1
DA:31,2
DA:35,2
DA:37,1
DA:39,1
LF:14
LH:14
BRDA:27,0,0,1
BRDA:27,0,1,2
BRF:2
BRH:2
end_of_record
TN:
SF:src/modules/users/services/AuthenticateService.ts
FN:20,(anonymous_18)
FN:21,AuthenticateUserService
FN:28,(anonymous_20)
FNF:3
FNH:3
FNDA:1,(anonymous_18)
FNDA:4,AuthenticateUserService
FNDA:4,(anonymous_20)
DA:1,1
DA:2,1
DA:6,1
DA:7,1
DA:20,1
DA:23,4
DA:25,4
DA:28,4
DA:29,4
DA:31,4
DA:32,2
DA:34,2
DA:36,2
DA:37,1
DA:40,1
DA:42,1
DA:47,1
DA:52,1
DA:54,1
LF:19
LH:19
BRDA:29,0,0,4
BRDA:31,1,0,2
BRDA:31,1,1,2
BRDA:36,2,0,1
BRDA:36,2,1,1
BRF:5
BRH:5
end_of_record
TN:
SF:src/modules/users/services/CreateUserService.ts
FN:15,(anonymous_18)
FN:16,CreateUserService
FN:23,(anonymous_20)
FNF:3
FNH:3
FNDA:3,(anonymous_18)
FNDA:7,CreateUserService
FNDA:8,(anonymous_20)
DA:4,3
DA:6,3
DA:15,3
DA:18,7
DA:20,7
DA:23,8
DA:24,8
DA:26,8
DA:27,1
DA:30,7
DA:32,7
DA:38,7
DA:40,3
DA:42,3
LF:14
LH:14
BRDA:24,0,0,8
BRDA:26,1,0,1
BRDA:26,1,1,7
BRF:3
BRH:3
end_of_record
TN:
SF:src/modules/users/services/UpdateUserAvaterService.ts
FN:18,(anonymous_18)
FN:19,UpdateUserAvartarService
FN:26,(anonymous_20)
FNF:3
FNH:3
FNDA:1,(anonymous_18)
FNDA:3,UpdateUserAvartarService
FNDA:4,(anonymous_20)
DA:4,1
DA:6,1
DA:18,1
DA:21,3
DA:23,3
DA:26,4
DA:27,4
DA:29,4
DA:30,1
DA:33,5
DA:34,2
DA:36,3
DA:38,3
DA:39,6
DA:41,3
DA:43,1
DA:45,1
LF:17
LH:17
BRDA:27,0,0,4
BRDA:27,0,1,3
BRDA:29,1,0,1
BRDA:29,1,1,3
BRDA:33,2,0,2
BRDA:33,2,1,1
BRF:6
BRH:6
end_of_record
